2025-08-11 02:14:20,356 - news_scraper - INFO - Starting scraping for sources: kathmandupost, annapurna, nagarik
2025-08-11 02:14:20,358 - news_scraper.kathmandupost - INFO - Starting kathmandupost scraper with RSS feed: https://kathmandupost.com/rss
2025-08-11 02:14:20,358 - news_scraper.kathmandupost - INFO - Filtering articles with keywords: KP OLI, CPN UML
2025-08-11 02:14:20,358 - news_scraper.annapurna - INFO - Starting annapurna scraper with RSS feed: https://theannapurnaexpress.com/rss/
2025-08-11 02:14:20,359 - news_scraper.annapurna - INFO - Filtering articles with keywords: KP OLI, CPN UML
2025-08-11 02:14:20,359 - news_scraper.nagarik - INFO - Starting nagarik scraper with RSS feed: https://nagariknews.nagariknetwork.com/feed
2025-08-11 02:14:20,379 - news_scraper.nagarik - INFO - Filtering articles with keywords: KP OLI, CPN UML
2025-08-11 02:14:20,574 - news_scraper.kathmandupost - WARNING - RSS feed parsing had issues: text/html; charset=UTF-8 is not an XML media type
2025-08-11 02:14:20,574 - news_scraper.kathmandupost - INFO - Found 40 articles in RSS feed
2025-08-11 02:14:20,798 - news_scraper.annapurna - INFO - Found 20 articles in RSS feed
2025-08-11 02:14:21,104 - news_scraper.kathmandupost - INFO - Successfully scraped 0 articles from kathmandupost
2025-08-11 02:14:21,105 - news_scraper - INFO - Completed scraping 0 articles from kathmandupost
2025-08-11 02:14:21,687 - news_scraper.nagarik - WARNING - RSS feed parsing had issues: text/html; charset=utf-8 is not an XML media type
2025-08-11 02:14:21,687 - news_scraper.nagarik - INFO - Found 20 articles in RSS feed
2025-08-11 02:14:24,424 - news_scraper.annapurna - INFO - Successfully scraped 0 articles from annapurna
2025-08-11 02:14:24,424 - news_scraper - INFO - Completed scraping 0 articles from annapurna
2025-08-11 02:14:25,405 - news_scraper.nagarik - INFO - Successfully scraped 0 articles from nagarik
2025-08-11 02:14:25,405 - news_scraper - INFO - Completed scraping 0 articles from nagarik
2025-08-11 02:14:30,212 - news_scraper - INFO - Starting scraping for sources: kathmandupost, annapurna, nagarik
2025-08-11 02:14:30,213 - news_scraper.kathmandupost - INFO - Starting kathmandupost scraper with RSS feed: https://kathmandupost.com/rss
2025-08-11 02:14:30,213 - news_scraper.annapurna - INFO - Starting annapurna scraper with RSS feed: https://theannapurnaexpress.com/rss/
2025-08-11 02:14:30,214 - news_scraper.nagarik - INFO - Starting nagarik scraper with RSS feed: https://nagariknews.nagariknetwork.com/feed
2025-08-11 02:14:30,303 - news_scraper.kathmandupost - WARNING - RSS feed parsing had issues: text/html; charset=UTF-8 is not an XML media type
2025-08-11 02:14:30,303 - news_scraper.kathmandupost - INFO - Found 40 articles in RSS feed
2025-08-11 02:14:30,358 - news_scraper.kathmandupost - INFO - Successfully scraped: Revered Shaligram Shila at risk from rising waters...
2025-08-11 02:14:30,386 - news_scraper.kathmandupost - INFO - Successfully scraped: Authorities assess Kailali prison 42 hours after c...
2025-08-11 02:14:30,392 - news_scraper.kathmandupost - INFO - Successfully scraped: Zelenskiy thanks Europe for its support as Kyiv se...
2025-08-11 02:14:30,411 - news_scraper.kathmandupost - INFO - Successfully scraped: Israel faces growing calls to scrap new Gaza offen...
2025-08-11 02:14:30,428 - news_scraper.kathmandupost - INFO - Successfully scraped: North Korea beat Nepal 11-0 to win U20 Women’s Asi...
2025-08-11 02:14:30,445 - news_scraper.kathmandupost - INFO - Successfully scraped: UK police arrest more than 466 at protest for bann...
2025-08-11 02:14:30,464 - news_scraper.kathmandupost - INFO - Successfully scraped: Two girls missing while bathing in Mahakali River...
2025-08-11 02:14:30,499 - news_scraper.kathmandupost - INFO - Successfully scraped: Rabindra Dhant shines on International MMA Stage...
2025-08-11 02:14:30,499 - news_scraper.kathmandupost - INFO - Successfully scraped: Contractor’s quarrying blamed for repeated landsli...
2025-08-11 02:14:30,517 - news_scraper.kathmandupost - INFO - Successfully scraped: 10 injured in Dhankuta jeep accident...
2025-08-11 02:14:30,540 - news_scraper.kathmandupost - INFO - Successfully scraped: Naima Nepal Mobility Expo extended till Monday...
2025-08-11 02:14:30,553 - news_scraper.kathmandupost - INFO - Successfully scraped: Lamichhane makes a fresh attempt to secure release...
2025-08-11 02:14:30,560 - news_scraper.annapurna - INFO - Found 20 articles in RSS feed
2025-08-11 02:14:30,577 - news_scraper.kathmandupost - INFO - Successfully scraped: ‘Tell us how he died’: Salah criticises UEFA tribu...
2025-08-11 02:14:30,613 - news_scraper.kathmandupost - INFO - Successfully scraped: Thousands rally in Tel Aviv against Netanyahu’s ne...
2025-08-11 02:14:30,614 - news_scraper.kathmandupost - INFO - Successfully scraped: Woman dead, husband injured in Ramechhap jeep cras...
2025-08-11 02:14:30,630 - news_scraper.kathmandupost - INFO - Successfully scraped: India shot down six Pakistani military aircraft in...
2025-08-11 02:14:30,647 - news_scraper.kathmandupost - INFO - Successfully scraped: Kathmandu University to launch Sanskrit language c...
2025-08-11 02:14:30,674 - news_scraper.kathmandupost - INFO - Successfully scraped: Affordable places for Nepali students in Christchu...
2025-08-11 02:14:30,690 - news_scraper.kathmandupost - INFO - Successfully scraped: Today’s weather: August 10, 2025...
2025-08-11 02:14:30,707 - news_scraper.kathmandupost - INFO - Successfully scraped: Why choose humanities in a tech-driven world...
2025-08-11 02:14:30,707 - news_scraper.kathmandupost - INFO - Successfully scraped 20 articles from kathmandupost
2025-08-11 02:14:30,708 - news_scraper - INFO - Completed scraping 20 articles from kathmandupost
2025-08-11 02:14:30,768 - news_scraper.nagarik - WARNING - RSS feed parsing had issues: text/html; charset=utf-8 is not an XML media type
2025-08-11 02:14:30,769 - news_scraper.nagarik - INFO - Found 20 articles in RSS feed
2025-08-11 02:14:31,075 - news_scraper.annapurna - INFO - Successfully scraped: Rift deepens in CPN (Unified Socialist)...
2025-08-11 02:14:31,268 - news_scraper.annapurna - INFO - Successfully scraped: When things slip apart (Poem)...
2025-08-11 02:14:31,369 - news_scraper.nagarik - INFO - Successfully scraped: नेतान्याहु भन्छन्: ‘भोकमरी नीति’ लिएको भए गाजामा क...
2025-08-11 02:14:31,460 - news_scraper.nagarik - INFO - Successfully scraped: कैदीले गुहार मागे, प्रशासनले ‘रगत’ दियो !...
2025-08-11 02:14:31,495 - news_scraper.annapurna - INFO - Successfully scraped: Two held for stealing human remains from burning p...
2025-08-11 02:14:31,496 - news_scraper.nagarik - INFO - Successfully scraped: झापा : करेन्ट लागेर युवकको मृत्यु, खोलामा महिलाको ...
2025-08-11 02:14:31,732 - news_scraper.nagarik - INFO - Successfully scraped: दक्षिण एसियामा १२४ आतंकवादी समूह सक्रिय, मूल कारण ...
2025-08-11 02:14:31,796 - news_scraper.nagarik - INFO - Successfully scraped: जुम्लामा पाँच दिने गाईजात्रा सुरु...
2025-08-11 02:14:31,858 - news_scraper.nagarik - INFO - Successfully scraped: शिक्षा विधेयक: शिक्षक र निजी विद्यालय दुवै आन्दोलन...
2025-08-11 02:14:31,922 - news_scraper.annapurna - INFO - Successfully scraped: The impact of international university degrees in ...
2025-08-11 02:14:31,943 - news_scraper.annapurna - INFO - Successfully scraped: Art deserves more than a hobby box...
2025-08-11 02:14:32,029 - news_scraper.annapurna - INFO - Successfully scraped: Mind Matters | Job dissatisfaction...
2025-08-11 02:14:32,049 - news_scraper.nagarik - INFO - Successfully scraped: दशकपछि अमेरिका यात्रामा जाँदै पुटिन, ट्रम्पसँगको व...
2025-08-11 02:14:32,153 - news_scraper.nagarik - INFO - Successfully scraped: पोखराका टोलटोलमा गाईजात्रा र तायामचा: नृत्य...
2025-08-11 02:14:32,169 - news_scraper.nagarik - INFO - Successfully scraped: कैलाली कारागारको अवस्था सामान्य बन्दै...
2025-08-11 02:14:32,289 - news_scraper.nagarik - INFO - Successfully scraped: मल अभाव हुँदैन, १ लाख ४० हजार मेट्रिक टन आउँदैछ: प...
2025-08-11 02:14:32,389 - news_scraper.annapurna - INFO - Successfully scraped: Joining government not a priority, says Dahal...
2025-08-11 02:14:32,460 - news_scraper.nagarik - INFO - Successfully scraped: ताप्लेजुङ गोल्डकप : रेडस्टार बन्यो सेमीफाइनल पुग्न...
2025-08-11 02:14:32,553 - news_scraper.annapurna - INFO - Successfully scraped: Celebrating the brother-sister bond (Vox Pop)...
2025-08-11 02:14:32,558 - news_scraper.nagarik - INFO - Successfully scraped: गैँडाकोटमा ट्रकको ठक्करबाट दुई जनाको मृत्यु...
2025-08-11 02:14:32,621 - news_scraper.nagarik - INFO - Successfully scraped: स्वच्छ निर्वाचनबाट समृद्ध लोकतन्त्रको सपना...
2025-08-11 02:14:32,664 - news_scraper.annapurna - INFO - Successfully scraped: Gender equality builds respectful, safe, inclusive...
2025-08-11 02:14:32,750 - news_scraper.nagarik - INFO - Successfully scraped: गगन भन्छन्: ‘प्रोजेक्ट गभरनेन्स’मा नेपालका सबै समस...
2025-08-11 02:14:32,809 - news_scraper.nagarik - INFO - Successfully scraped: महाकालीमा दुई बालिका बेपत्ता...
2025-08-11 02:14:32,873 - news_scraper.annapurna - INFO - Successfully scraped: Kuwait signs contracts for $3.27 billion power pla...
2025-08-11 02:14:32,939 - news_scraper.nagarik - INFO - Successfully scraped: सडक विभागमा ८० वर्ष कटेका पनि कर्मचारी...
2025-08-11 02:14:33,148 - news_scraper.annapurna - INFO - Successfully scraped: South Korea's military has shrunk by 20% in six ye...
2025-08-11 02:14:33,198 - news_scraper.nagarik - INFO - Successfully scraped: पशुपतिमा जल्दै गरेको शवबाट हड्डी निकाल्ने दुई पक्र...
2025-08-11 02:14:33,246 - news_scraper.annapurna - INFO - Successfully scraped: Zelenskiy says Ukraine 'fully supports' joint stat...
2025-08-11 02:14:33,332 - news_scraper.nagarik - INFO - Successfully scraped: साउथ अफ्रिकाविरुद्धको पहिलो टी-२० मा अस्ट्रेलिया व...
2025-08-11 02:14:33,363 - news_scraper.nagarik - INFO - Successfully scraped: कैलाली कारागार घटना: मुख्यमन्त्रीले बोलाए सुरक्षा ...
2025-08-11 02:14:33,407 - news_scraper.annapurna - INFO - Successfully scraped: Government to seek permanent solution to irrigatio...
2025-08-11 02:14:33,471 - news_scraper.nagarik - INFO - Successfully scraped: कैदीको ‘कन्ट्रोल’ मा रहेको कारागारमा जब प्रहरी हति...
2025-08-11 02:14:33,471 - news_scraper.nagarik - INFO - Successfully scraped 20 articles from nagarik
2025-08-11 02:14:33,471 - news_scraper - INFO - Completed scraping 20 articles from nagarik
2025-08-11 02:14:33,685 - news_scraper.annapurna - INFO - Successfully scraped: Royal Bengal tiger found dead in Parsa...
2025-08-11 02:14:33,758 - news_scraper.annapurna - INFO - Successfully scraped: Three injured as train hits car in Janakpur...
2025-08-11 02:14:33,945 - news_scraper.annapurna - INFO - Successfully scraped: ‘Sunrise on the Reaping’ book review: The perfect ...
2025-08-11 02:14:34,045 - news_scraper.annapurna - INFO - Successfully scraped: Thai soldiers injured by landmine near Cambodia am...
2025-08-11 02:14:34,181 - news_scraper.annapurna - INFO - Successfully scraped: India shot down six Pakistani military aircraft in...
2025-08-11 02:14:34,409 - news_scraper.annapurna - INFO - Successfully scraped: Salah calls out Uefa over wording of Palestinian p...
2025-08-11 02:14:34,451 - news_scraper.annapurna - INFO - Successfully scraped: Ukraine's European allies say peace talks must inc...
2025-08-11 02:14:34,451 - news_scraper.annapurna - INFO - Successfully scraped 20 articles from annapurna
2025-08-11 02:14:34,451 - news_scraper - INFO - Completed scraping 20 articles from annapurna
2025-08-11 02:15:11,717 - news_scraper - INFO - Starting scraping for sources: kathmandupost, annapurna, nagarik
2025-08-11 02:15:11,718 - news_scraper.kathmandupost - INFO - Starting kathmandupost scraper with RSS feed: https://kathmandupost.com/rss
2025-08-11 02:15:11,718 - news_scraper.kathmandupost - INFO - Filtering articles with keywords: KP OLI
2025-08-11 02:15:11,718 - news_scraper.annapurna - INFO - Starting annapurna scraper with RSS feed: https://theannapurnaexpress.com/rss/
2025-08-11 02:15:11,719 - news_scraper.annapurna - INFO - Filtering articles with keywords: KP OLI
2025-08-11 02:15:11,719 - news_scraper.nagarik - INFO - Starting nagarik scraper with RSS feed: https://nagariknews.nagariknetwork.com/feed
2025-08-11 02:15:11,735 - news_scraper.nagarik - INFO - Filtering articles with keywords: KP OLI
2025-08-11 02:15:11,829 - news_scraper.kathmandupost - WARNING - RSS feed parsing had issues: text/html; charset=UTF-8 is not an XML media type
2025-08-11 02:15:11,829 - news_scraper.kathmandupost - INFO - Found 40 articles in RSS feed
2025-08-11 02:15:12,064 - news_scraper.annapurna - INFO - Found 20 articles in RSS feed
2025-08-11 02:15:12,247 - news_scraper.nagarik - WARNING - RSS feed parsing had issues: text/html; charset=utf-8 is not an XML media type
2025-08-11 02:15:12,248 - news_scraper.nagarik - INFO - Found 20 articles in RSS feed
2025-08-11 02:15:12,248 - news_scraper.kathmandupost - INFO - Successfully scraped 0 articles from kathmandupost
2025-08-11 02:15:12,248 - news_scraper - INFO - Completed scraping 0 articles from kathmandupost
2025-08-11 02:15:14,532 - news_scraper.nagarik - INFO - Successfully scraped 0 articles from nagarik
2025-08-11 02:15:14,532 - news_scraper - INFO - Completed scraping 0 articles from nagarik
2025-08-11 02:15:15,745 - news_scraper.annapurna - INFO - Successfully scraped 0 articles from annapurna
2025-08-11 02:15:15,745 - news_scraper - INFO - Completed scraping 0 articles from annapurna
2025-08-11 02:15:19,915 - news_scraper - INFO - Starting scraping for sources: kathmandupost, annapurna, nagarik
2025-08-11 02:15:19,916 - news_scraper.kathmandupost - INFO - Starting kathmandupost scraper with RSS feed: https://kathmandupost.com/rss
2025-08-11 02:15:19,916 - news_scraper.kathmandupost - INFO - Filtering articles with keywords: Balen
2025-08-11 02:15:19,917 - news_scraper.annapurna - INFO - Starting annapurna scraper with RSS feed: https://theannapurnaexpress.com/rss/
2025-08-11 02:15:19,917 - news_scraper.annapurna - INFO - Filtering articles with keywords: Balen
2025-08-11 02:15:19,917 - news_scraper.nagarik - INFO - Starting nagarik scraper with RSS feed: https://nagariknews.nagariknetwork.com/feed
2025-08-11 02:15:19,933 - news_scraper.nagarik - INFO - Filtering articles with keywords: Balen
2025-08-11 02:15:20,001 - news_scraper.kathmandupost - WARNING - RSS feed parsing had issues: text/html; charset=UTF-8 is not an XML media type
2025-08-11 02:15:20,001 - news_scraper.kathmandupost - INFO - Found 40 articles in RSS feed
2025-08-11 02:15:20,278 - news_scraper.annapurna - INFO - Found 20 articles in RSS feed
2025-08-11 02:15:20,539 - news_scraper.kathmandupost - INFO - Successfully scraped 0 articles from kathmandupost
2025-08-11 02:15:20,540 - news_scraper - INFO - Completed scraping 0 articles from kathmandupost
2025-08-11 02:15:20,562 - news_scraper.nagarik - WARNING - RSS feed parsing had issues: text/html; charset=utf-8 is not an XML media type
2025-08-11 02:15:20,562 - news_scraper.nagarik - INFO - Found 20 articles in RSS feed
2025-08-11 02:15:22,918 - news_scraper.nagarik - INFO - Successfully scraped 0 articles from nagarik
2025-08-11 02:15:22,920 - news_scraper - INFO - Completed scraping 0 articles from nagarik
2025-08-11 02:15:23,793 - news_scraper.annapurna - INFO - Successfully scraped 0 articles from annapurna
2025-08-11 02:15:23,793 - news_scraper - INFO - Completed scraping 0 articles from annapurna
2025-08-11 02:16:38,481 - news_scraper - INFO - Starting scraping for sources: kathmandupost, annapurna, nagarik
2025-08-11 02:16:38,481 - news_scraper.kathmandupost - INFO - Starting kathmandupost scraper with RSS feed: https://kathmandupost.com/rss
2025-08-11 02:16:38,482 - news_scraper.kathmandupost - INFO - Filtering articles with keywords: KP Oli, government, politics
2025-08-11 02:16:38,482 - news_scraper.annapurna - INFO - Starting annapurna scraper with RSS feed: https://theannapurnaexpress.com/rss/
2025-08-11 02:16:38,482 - news_scraper.annapurna - INFO - Filtering articles with keywords: KP Oli, government, politics
2025-08-11 02:16:38,482 - news_scraper.nagarik - INFO - Starting nagarik scraper with RSS feed: https://nagariknews.nagariknetwork.com/feed
2025-08-11 02:16:38,500 - news_scraper.nagarik - INFO - Filtering articles with keywords: KP Oli, government, politics
2025-08-11 02:16:38,574 - news_scraper.kathmandupost - WARNING - RSS feed parsing had issues: text/html; charset=UTF-8 is not an XML media type
2025-08-11 02:16:38,574 - news_scraper.kathmandupost - INFO - Found 40 articles in RSS feed
2025-08-11 02:16:38,626 - news_scraper.kathmandupost - INFO - Successfully scraped: Revered Shaligram Shila at risk from rising waters...
2025-08-11 02:16:38,674 - news_scraper.kathmandupost - INFO - Successfully scraped: Israel faces growing calls to scrap new Gaza offen...
2025-08-11 02:16:38,726 - news_scraper.kathmandupost - INFO - Successfully scraped: UK police arrest more than 466 at protest for bann...
2025-08-11 02:16:38,779 - news_scraper.kathmandupost - INFO - Successfully scraped: Rabindra Dhant shines on International MMA Stage...
2025-08-11 02:16:38,815 - news_scraper.kathmandupost - INFO - Successfully scraped: Naima Nepal Mobility Expo extended till Monday...
2025-08-11 02:16:38,836 - news_scraper.kathmandupost - INFO - Successfully scraped: Lamichhane makes a fresh attempt to secure release...
2025-08-11 02:16:38,842 - news_scraper.annapurna - INFO - Found 20 articles in RSS feed
2025-08-11 02:16:38,894 - news_scraper.kathmandupost - INFO - Successfully scraped: Thousands rally in Tel Aviv against Netanyahu’s ne...
2025-08-11 02:16:38,927 - news_scraper.kathmandupost - INFO - Successfully scraped: India shot down six Pakistani military aircraft in...
2025-08-11 02:16:38,962 - news_scraper.kathmandupost - INFO - Successfully scraped: Why choose humanities in a tech-driven world...
2025-08-11 02:16:38,981 - news_scraper.kathmandupost - INFO - Successfully scraped 9 articles from kathmandupost
2025-08-11 02:16:38,981 - news_scraper - INFO - Completed scraping 9 articles from kathmandupost
2025-08-11 02:16:39,213 - news_scraper.nagarik - WARNING - RSS feed parsing had issues: text/html; charset=utf-8 is not an XML media type
2025-08-11 02:16:39,214 - news_scraper.nagarik - INFO - Found 20 articles in RSS feed
2025-08-11 02:16:39,448 - news_scraper.annapurna - INFO - Successfully scraped: Rift deepens in CPN (Unified Socialist)...
2025-08-11 02:16:39,449 - news_scraper.annapurna - INFO - Successfully scraped: When things slip apart (Poem)...
2025-08-11 02:16:39,880 - news_scraper.annapurna - INFO - Successfully scraped: Art deserves more than a hobby box...
2025-08-11 02:16:39,940 - news_scraper.annapurna - INFO - Successfully scraped: The impact of international university degrees in ...
2025-08-11 02:16:39,963 - news_scraper.annapurna - INFO - Successfully scraped: Mind Matters | Job dissatisfaction...
2025-08-11 02:16:40,645 - news_scraper.annapurna - INFO - Successfully scraped: Joining government not a priority, says Dahal...
2025-08-11 02:16:40,687 - news_scraper.annapurna - INFO - Successfully scraped: Celebrating the brother-sister bond (Vox Pop)...
2025-08-11 02:16:41,126 - news_scraper.annapurna - INFO - Successfully scraped: Kuwait signs contracts for $3.27 billion power pla...
2025-08-11 02:16:41,796 - news_scraper.annapurna - INFO - Successfully scraped: Government to seek permanent solution to irrigatio...
2025-08-11 02:16:42,165 - news_scraper.nagarik - INFO - Successfully scraped 0 articles from nagarik
2025-08-11 02:16:42,165 - news_scraper - INFO - Completed scraping 0 articles from nagarik
2025-08-11 02:16:42,693 - news_scraper.annapurna - INFO - Successfully scraped 9 articles from annapurna
2025-08-11 02:16:42,693 - news_scraper - INFO - Completed scraping 9 articles from annapurna
2025-08-11 02:17:12,822 - news_scraper - INFO - Starting scraping for sources: kathmandupost, annapurna, nagarik
2025-08-11 02:17:12,823 - news_scraper.kathmandupost - INFO - Starting kathmandupost scraper with RSS feed: https://kathmandupost.com/rss
2025-08-11 02:17:12,823 - news_scraper.kathmandupost - INFO - Filtering articles with keywords: KP Oli
2025-08-11 02:17:12,823 - news_scraper.annapurna - INFO - Starting annapurna scraper with RSS feed: https://theannapurnaexpress.com/rss/
2025-08-11 02:17:12,823 - news_scraper.annapurna - INFO - Filtering articles with keywords: KP Oli
2025-08-11 02:17:12,824 - news_scraper.nagarik - INFO - Starting nagarik scraper with RSS feed: https://nagariknews.nagariknetwork.com/feed
2025-08-11 02:17:12,841 - news_scraper.nagarik - INFO - Filtering articles with keywords: KP Oli
2025-08-11 02:17:13,077 - news_scraper.kathmandupost - WARNING - RSS feed parsing had issues: text/html; charset=UTF-8 is not an XML media type
2025-08-11 02:17:13,078 - news_scraper.kathmandupost - INFO - Found 40 articles in RSS feed
2025-08-11 02:17:13,085 - news_scraper.annapurna - INFO - Found 20 articles in RSS feed
2025-08-11 02:17:13,421 - news_scraper.nagarik - WARNING - RSS feed parsing had issues: text/html; charset=utf-8 is not an XML media type
2025-08-11 02:17:13,422 - news_scraper.nagarik - INFO - Found 20 articles in RSS feed
2025-08-11 02:17:14,066 - news_scraper.kathmandupost - WARNING - No content found using CSS selector 'main p' for https://kathmandupost.com/national/2025/08/09/the-week-in-8-photos-1754724462
2025-08-11 02:17:14,107 - news_scraper.kathmandupost - WARNING - Failed to extract valid article from https://kathmandupost.com/national/2025/08/09/the-week-in-8-photos-1754724462
2025-08-11 02:17:14,231 - news_scraper.kathmandupost - INFO - Successfully scraped 0 articles from kathmandupost
2025-08-11 02:17:14,231 - news_scraper - INFO - Completed scraping 0 articles from kathmandupost
2025-08-11 02:17:16,206 - news_scraper.nagarik - INFO - Successfully scraped 0 articles from nagarik
2025-08-11 02:17:16,207 - news_scraper - INFO - Completed scraping 0 articles from nagarik
2025-08-11 02:17:16,824 - news_scraper.annapurna - INFO - Successfully scraped 0 articles from annapurna
2025-08-11 02:17:16,825 - news_scraper - INFO - Completed scraping 0 articles from annapurna
2025-08-11 02:17:21,523 - news_scraper - INFO - Starting scraping for sources: kathmandupost, annapurna, nagarik
2025-08-11 02:17:21,524 - news_scraper.kathmandupost - INFO - Starting kathmandupost scraper with RSS feed: https://kathmandupost.com/rss
2025-08-11 02:17:21,524 - news_scraper.kathmandupost - INFO - Filtering articles with keywords: KP Oli
2025-08-11 02:17:21,524 - news_scraper.annapurna - INFO - Starting annapurna scraper with RSS feed: https://theannapurnaexpress.com/rss/
2025-08-11 02:17:21,525 - news_scraper.annapurna - INFO - Filtering articles with keywords: KP Oli
2025-08-11 02:17:21,525 - news_scraper.nagarik - INFO - Starting nagarik scraper with RSS feed: https://nagariknews.nagariknetwork.com/feed
2025-08-11 02:17:21,541 - news_scraper.nagarik - INFO - Filtering articles with keywords: KP Oli
2025-08-11 02:17:21,609 - news_scraper.kathmandupost - WARNING - RSS feed parsing had issues: text/html; charset=UTF-8 is not an XML media type
2025-08-11 02:17:21,609 - news_scraper.kathmandupost - INFO - Found 40 articles in RSS feed
2025-08-11 02:17:21,783 - news_scraper.annapurna - INFO - Found 20 articles in RSS feed
2025-08-11 02:17:22,000 - news_scraper.nagarik - WARNING - RSS feed parsing had issues: text/html; charset=utf-8 is not an XML media type
2025-08-11 02:17:22,001 - news_scraper.nagarik - INFO - Found 20 articles in RSS feed
2025-08-11 02:17:22,843 - news_scraper.kathmandupost - WARNING - No content found using CSS selector 'main p' for https://kathmandupost.com/national/2025/08/09/the-week-in-8-photos-1754724462
2025-08-11 02:17:22,860 - news_scraper.kathmandupost - WARNING - Failed to extract valid article from https://kathmandupost.com/national/2025/08/09/the-week-in-8-photos-1754724462
2025-08-11 02:17:22,861 - news_scraper.kathmandupost - INFO - Successfully scraped 0 articles from kathmandupost
2025-08-11 02:17:22,862 - news_scraper - INFO - Completed scraping 0 articles from kathmandupost
2025-08-11 02:17:24,797 - news_scraper.nagarik - INFO - Successfully scraped 0 articles from nagarik
2025-08-11 02:17:24,798 - news_scraper - INFO - Completed scraping 0 articles from nagarik
2025-08-11 02:17:25,626 - news_scraper.annapurna - INFO - Successfully scraped 0 articles from annapurna
2025-08-11 02:17:25,626 - news_scraper - INFO - Completed scraping 0 articles from annapurna
2025-08-11 02:17:33,299 - news_scraper - INFO - Starting scraping for sources: kathmandupost, annapurna, nagarik
2025-08-11 02:17:33,300 - news_scraper.kathmandupost - INFO - Starting kathmandupost scraper with RSS feed: https://kathmandupost.com/rss
2025-08-11 02:17:33,300 - news_scraper.kathmandupost - INFO - Filtering articles with keywords: KP Oli, government
2025-08-11 02:17:33,300 - news_scraper.annapurna - INFO - Starting annapurna scraper with RSS feed: https://theannapurnaexpress.com/rss/
2025-08-11 02:17:33,301 - news_scraper.annapurna - INFO - Filtering articles with keywords: KP Oli, government
2025-08-11 02:17:33,301 - news_scraper.nagarik - INFO - Starting nagarik scraper with RSS feed: https://nagariknews.nagariknetwork.com/feed
2025-08-11 02:17:33,327 - news_scraper.nagarik - INFO - Filtering articles with keywords: KP Oli, government
2025-08-11 02:17:33,386 - news_scraper.kathmandupost - WARNING - RSS feed parsing had issues: text/html; charset=UTF-8 is not an XML media type
2025-08-11 02:17:33,386 - news_scraper.kathmandupost - INFO - Found 40 articles in RSS feed
2025-08-11 02:17:33,473 - news_scraper.kathmandupost - INFO - Successfully scraped: Revered Shaligram Shila at risk from rising waters...
2025-08-11 02:17:33,491 - news_scraper.kathmandupost - INFO - Successfully scraped: Israel faces growing calls to scrap new Gaza offen...
2025-08-11 02:17:33,526 - news_scraper.kathmandupost - INFO - Successfully scraped: UK police arrest more than 466 at protest for bann...
2025-08-11 02:17:33,551 - news_scraper.annapurna - INFO - Found 20 articles in RSS feed
2025-08-11 02:17:33,589 - news_scraper.kathmandupost - INFO - Successfully scraped: Rabindra Dhant shines on International MMA Stage...
2025-08-11 02:17:33,644 - news_scraper.kathmandupost - INFO - Successfully scraped: Naima Nepal Mobility Expo extended till Monday...
2025-08-11 02:17:33,646 - news_scraper.kathmandupost - INFO - Successfully scraped: Lamichhane makes a fresh attempt to secure release...
2025-08-11 02:17:33,699 - news_scraper.kathmandupost - INFO - Successfully scraped: Thousands rally in Tel Aviv against Netanyahu’s ne...
2025-08-11 02:17:33,717 - news_scraper.kathmandupost - INFO - Successfully scraped: India shot down six Pakistani military aircraft in...
2025-08-11 02:17:33,787 - news_scraper.kathmandupost - INFO - Successfully scraped: Why choose humanities in a tech-driven world...
2025-08-11 02:17:33,811 - news_scraper.nagarik - WARNING - RSS feed parsing had issues: text/html; charset=utf-8 is not an XML media type
2025-08-11 02:17:33,811 - news_scraper.kathmandupost - INFO - Successfully scraped 9 articles from kathmandupost
2025-08-11 02:17:33,811 - news_scraper.nagarik - INFO - Found 20 articles in RSS feed
2025-08-11 02:17:33,812 - news_scraper - INFO - Completed scraping 9 articles from kathmandupost
2025-08-11 02:17:34,016 - news_scraper.annapurna - INFO - Successfully scraped: Rift deepens in CPN (Unified Socialist)...
2025-08-11 02:17:34,797 - news_scraper.annapurna - INFO - Successfully scraped: The impact of international university degrees in ...
2025-08-11 02:17:35,384 - news_scraper.annapurna - INFO - Successfully scraped: Joining government not a priority, says Dahal...
2025-08-11 02:17:35,533 - news_scraper.annapurna - INFO - Successfully scraped: Kuwait signs contracts for $3.27 billion power pla...
2025-08-11 02:17:35,957 - news_scraper.annapurna - INFO - Successfully scraped: Government to seek permanent solution to irrigatio...
2025-08-11 02:17:36,538 - news_scraper.nagarik - INFO - Successfully scraped 0 articles from nagarik
2025-08-11 02:17:36,539 - news_scraper - INFO - Completed scraping 0 articles from nagarik
2025-08-11 02:17:37,070 - news_scraper.annapurna - INFO - Successfully scraped 5 articles from annapurna
2025-08-11 02:17:37,071 - news_scraper - INFO - Completed scraping 5 articles from annapurna
2025-08-11 02:18:40,593 - news_scraper - INFO - Starting scraping for sources: kathmandupost, annapurna, nagarik
2025-08-11 02:18:40,594 - news_scraper.kathmandupost - INFO - Starting kathmandupost scraper with RSS feed: https://kathmandupost.com/rss
2025-08-11 02:18:40,594 - news_scraper.kathmandupost - INFO - Filtering articles with keywords: सरकार
2025-08-11 02:18:40,594 - news_scraper.annapurna - INFO - Starting annapurna scraper with RSS feed: https://theannapurnaexpress.com/rss/
2025-08-11 02:18:40,595 - news_scraper.annapurna - INFO - Filtering articles with keywords: सरकार
2025-08-11 02:18:40,595 - news_scraper.nagarik - INFO - Starting nagarik scraper with RSS feed: https://nagariknews.nagariknetwork.com/feed
2025-08-11 02:18:40,611 - news_scraper.nagarik - INFO - Filtering articles with keywords: सरकार
2025-08-11 02:18:40,682 - news_scraper.kathmandupost - WARNING - RSS feed parsing had issues: text/html; charset=UTF-8 is not an XML media type
2025-08-11 02:18:40,682 - news_scraper.kathmandupost - INFO - Found 40 articles in RSS feed
2025-08-11 02:18:40,993 - news_scraper.annapurna - INFO - Found 20 articles in RSS feed
2025-08-11 02:18:41,230 - news_scraper.nagarik - WARNING - RSS feed parsing had issues: text/html; charset=utf-8 is not an XML media type
2025-08-11 02:18:41,231 - news_scraper.nagarik - INFO - Found 20 articles in RSS feed
2025-08-11 02:18:41,752 - news_scraper.kathmandupost - WARNING - No content found using CSS selector 'main p' for https://kathmandupost.com/national/2025/08/09/the-week-in-8-photos-1754724462
2025-08-11 02:18:41,752 - news_scraper.kathmandupost - WARNING - Failed to extract valid article from https://kathmandupost.com/national/2025/08/09/the-week-in-8-photos-1754724462
2025-08-11 02:18:41,769 - news_scraper.kathmandupost - INFO - Successfully scraped 0 articles from kathmandupost
2025-08-11 02:18:41,770 - news_scraper - INFO - Completed scraping 0 articles from kathmandupost
2025-08-11 02:18:42,184 - news_scraper.nagarik - INFO - Successfully scraped: कैदीले गुहार मागे, प्रशासनले ‘रगत’ दियो !...
2025-08-11 02:18:42,342 - news_scraper.nagarik - INFO - Successfully scraped: दक्षिण एसियामा १२४ आतंकवादी समूह सक्रिय, मूल कारण ...
2025-08-11 02:18:42,749 - news_scraper.nagarik - INFO - Successfully scraped: शिक्षा विधेयक: शिक्षक र निजी विद्यालय दुवै आन्दोलन...
2025-08-11 02:18:42,856 - news_scraper.nagarik - INFO - Successfully scraped: दशकपछि अमेरिका यात्रामा जाँदै पुटिन, ट्रम्पसँगको व...
2025-08-11 02:18:43,193 - news_scraper.nagarik - INFO - Successfully scraped: कैलाली कारागारको अवस्था सामान्य बन्दै...
2025-08-11 02:18:43,566 - news_scraper.nagarik - INFO - Successfully scraped: मल अभाव हुँदैन, १ लाख ४० हजार मेट्रिक टन आउँदैछ: प...
2025-08-11 02:18:43,945 - news_scraper.nagarik - INFO - Successfully scraped: स्वच्छ निर्वाचनबाट समृद्ध लोकतन्त्रको सपना...
2025-08-11 02:18:44,633 - news_scraper.annapurna - INFO - Successfully scraped 0 articles from annapurna
2025-08-11 02:18:44,645 - news_scraper - INFO - Completed scraping 0 articles from annapurna
2025-08-11 02:18:44,759 - news_scraper.nagarik - INFO - Successfully scraped 7 articles from nagarik
2025-08-11 02:18:44,760 - news_scraper - INFO - Completed scraping 7 articles from nagarik
